<?xml version="1.0" encoding="UTF-8"?>
<!-- Generated by org.testng.reporters.JUnitReportReporter -->
<testsuite hostname="dellinspiron3580" failures="0" tests="8" name="blazeDemo.BlazeDemo" time="19.066" errors="0" timestamp="2023-05-21T19:05:52 NPT" skipped="0">
  <testcase classname="blazeDemo.BlazeDemo" name="landingPage" time="2.441"/>
  <system-out/>
  <testcase classname="blazeDemo.BlazeDemo" name="reservePage" time="0.608"/>
  <system-out/>
  <testcase classname="blazeDemo.BlazeDemo" name="purchaseTicket" time="1.528"/>
  <system-out/>
  <testcase classname="blazeDemo.BlazeDemo" name="registerPage" time="6.053"/>
  <system-out/>
  <testcase classname="blazeDemo.BlazeDemo" name="destOfWeek" time="2.399"/>
  <system-out/>
  <testcase classname="blazeDemo.BlazeDemo" name="homeLoginPage" time="3.061"/>
  <system-out/>
  <testcase classname="blazeDemo.BlazeDemo" name="forgotPassword" time="1.563"/>
  <system-out/>
  <testcase classname="blazeDemo.BlazeDemo" name="resetPassword" time="1.413"/>
  <system-out/>
</testsuite> <!-- blazeDemo.BlazeDemo -->
